c:\users\ilyap\source\repos\the xor cipher\the xor cipher\x64\debug\the xor cipher.pch
c:\users\ilyap\source\repos\the xor cipher\the xor cipher\x64\debug\vc143.pdb
c:\users\ilyap\source\repos\the xor cipher\the xor cipher\x64\debug\pch.obj
c:\users\ilyap\source\repos\the xor cipher\the xor cipher\x64\debug\form1.obj
c:\users\ilyap\source\repos\the xor cipher\the xor cipher\x64\debug\cppclr_winformsproject.obj
c:\users\ilyap\source\repos\the xor cipher\the xor cipher\x64\debug\assemblyinfo.obj
c:\users\ilyap\source\repos\the xor cipher\the xor cipher\x64\debug\.netframework,version=v4.7.2.assemblyattributes.obj
c:\users\ilyap\source\repos\the xor cipher\x64\debug\the xor cipher.exe
c:\users\ilyap\source\repos\the xor cipher\x64\debug\the xor cipher.pdb
c:\users\ilyap\source\repos\the xor cipher\the xor cipher\x64\debug\app.res
c:\users\ilyap\source\repos\the xor cipher\the xor cipher\x64\debug\the xor cipher.tlog\cl.command.1.tlog
c:\users\ilyap\source\repos\the xor cipher\the xor cipher\x64\debug\the xor cipher.tlog\cl.items.tlog
c:\users\ilyap\source\repos\the xor cipher\the xor cipher\x64\debug\the xor cipher.tlog\cl.read.1.tlog
c:\users\ilyap\source\repos\the xor cipher\the xor cipher\x64\debug\the xor cipher.tlog\cl.write.1.tlog
c:\users\ilyap\source\repos\the xor cipher\the xor cipher\x64\debug\the xor cipher.tlog\link.command.1.tlog
c:\users\ilyap\source\repos\the xor cipher\the xor cipher\x64\debug\the xor cipher.tlog\link.read.1.tlog
c:\users\ilyap\source\repos\the xor cipher\the xor cipher\x64\debug\the xor cipher.tlog\link.secondary.1.tlog
c:\users\ilyap\source\repos\the xor cipher\the xor cipher\x64\debug\the xor cipher.tlog\link.write.1.tlog
c:\users\ilyap\source\repos\the xor cipher\the xor cipher\x64\debug\the xor cipher.tlog\metagen.read.1.tlog
c:\users\ilyap\source\repos\the xor cipher\the xor cipher\x64\debug\the xor cipher.tlog\metagen.write.1.tlog
c:\users\ilyap\source\repos\the xor cipher\the xor cipher\x64\debug\the xor cipher.tlog\rc.command.1.tlog
c:\users\ilyap\source\repos\the xor cipher\the xor cipher\x64\debug\the xor cipher.tlog\rc.read.1.tlog
c:\users\ilyap\source\repos\the xor cipher\the xor cipher\x64\debug\the xor cipher.tlog\rc.write.1.tlog
c:\users\ilyap\source\repos\the xor cipher\the xor cipher\x64\debug\the xor cipher.tlog\resgen.command.1.tlog
c:\users\ilyap\source\repos\the xor cipher\the xor cipher\x64\debug\the xor cipher.tlog\resgen.read.1.tlog
c:\users\ilyap\source\repos\the xor cipher\the xor cipher\x64\debug\the xor cipher.tlog\resgen.write.1.tlog
